{"C:\\Users\\mrtar\\Desktop\\test-project\\test-project\\components\\BookCarousel.vue": {"path":"C:\\Users\\mrtar\\Desktop\\test-project\\test-project\\components\\BookCarousel.vue","statementMap":{"0":{"start":{"line":53,"column":0},"end":{"line":53,"column":null}}},"fnMap":{},"branchMap":{},"s":{"0":0},"f":{},"b":{}}
,"C:\\Users\\mrtar\\Desktop\\test-project\\test-project\\components\\BookDetails.vue": {"path":"C:\\Users\\mrtar\\Desktop\\test-project\\test-project\\components\\BookDetails.vue","statementMap":{"0":{"start":{"line":268,"column":0},"end":{"line":268,"column":null}},"1":{"start":{"line":275,"column":0},"end":{"line":275,"column":null}},"2":{"start":{"line":278,"column":0},"end":{"line":278,"column":null}}},"fnMap":{"0":{"name":"(anonymous_1)","decl":{"start":{"line":268,"column":0},"end":{"line":268,"column":null}},"loc":{"start":{"line":268,"column":0},"end":{"line":268,"column":null}}},"1":{"name":"(anonymous_2)","decl":{"start":{"line":274,"column":0},"end":{"line":274,"column":null}},"loc":{"start":{"line":274,"column":0},"end":{"line":276,"column":null}}},"2":{"name":"(anonymous_3)","decl":{"start":{"line":277,"column":0},"end":{"line":277,"column":null}},"loc":{"start":{"line":277,"column":0},"end":{"line":284,"column":null}}}},"branchMap":{},"s":{"0":0,"1":0,"2":0},"f":{"0":0,"1":0,"2":0},"b":{}}
,"C:\\Users\\mrtar\\Desktop\\test-project\\test-project\\components\\Card.vue": {"path":"C:\\Users\\mrtar\\Desktop\\test-project\\test-project\\components\\Card.vue","statementMap":{"0":{"start":{"line":51,"column":0},"end":{"line":51,"column":null}}},"fnMap":{"0":{"name":"(anonymous_1)","decl":{"start":{"line":51,"column":0},"end":{"line":51,"column":null}},"loc":{"start":{"line":51,"column":0},"end":{"line":51,"column":null}}}},"branchMap":{},"s":{"0":0},"f":{"0":0},"b":{}}
,"C:\\Users\\mrtar\\Desktop\\test-project\\test-project\\components\\Carousel.vue": {"path":"C:\\Users\\mrtar\\Desktop\\test-project\\test-project\\components\\Carousel.vue","statementMap":{"0":{"start":{"line":15,"column":0},"end":{"line":15,"column":null}}},"fnMap":{},"branchMap":{},"s":{"0":0},"f":{},"b":{}}
,"C:\\Users\\mrtar\\Desktop\\test-project\\test-project\\components\\Categories.vue": {"path":"C:\\Users\\mrtar\\Desktop\\test-project\\test-project\\components\\Categories.vue","statementMap":{"0":{"start":{"line":55,"column":0},"end":{"line":55,"column":null}}},"fnMap":{"0":{"name":"(anonymous_1)","decl":{"start":{"line":55,"column":0},"end":{"line":55,"column":null}},"loc":{"start":{"line":55,"column":0},"end":{"line":55,"column":null}}}},"branchMap":{},"s":{"0":0},"f":{"0":0},"b":{}}
,"C:\\Users\\mrtar\\Desktop\\test-project\\test-project\\components\\Comment.vue": {"path":"C:\\Users\\mrtar\\Desktop\\test-project\\test-project\\components\\Comment.vue","statementMap":{"0":{"start":{"line":326,"column":0},"end":{"line":326,"column":null}}},"fnMap":{"0":{"name":"(anonymous_1)","decl":{"start":{"line":325,"column":0},"end":{"line":325,"column":null}},"loc":{"start":{"line":325,"column":0},"end":{"line":331,"column":null}}}},"branchMap":{},"s":{"0":3},"f":{"0":3},"b":{}}
,"C:\\Users\\mrtar\\Desktop\\test-project\\test-project\\components\\Footer.vue": {"path":"C:\\Users\\mrtar\\Desktop\\test-project\\test-project\\components\\Footer.vue","statementMap":{"0":{"start":{"line":169,"column":0},"end":{"line":169,"column":null}},"1":{"start":{"line":192,"column":0},"end":{"line":192,"column":null}},"2":{"start":{"line":194,"column":0},"end":{"line":199,"column":null}},"3":{"start":{"line":195,"column":0},"end":{"line":195,"column":null}},"4":{"start":{"line":196,"column":0},"end":{"line":196,"column":null}},"5":{"start":{"line":198,"column":0},"end":{"line":198,"column":null}},"6":{"start":{"line":200,"column":0},"end":{"line":200,"column":null}}},"fnMap":{"0":{"name":"(anonymous_1)","decl":{"start":{"line":169,"column":0},"end":{"line":169,"column":null}},"loc":{"start":{"line":169,"column":0},"end":{"line":169,"column":null}}},"1":{"name":"(anonymous_2)","decl":{"start":{"line":191,"column":0},"end":{"line":191,"column":null}},"loc":{"start":{"line":191,"column":0},"end":{"line":201,"column":null}}}},"branchMap":{"0":{"loc":{"start":{"line":194,"column":0},"end":{"line":199,"column":null}},"type":"if","locations":[{"start":{"line":194,"column":0},"end":{"line":199,"column":null}},{"start":{"line":197,"column":0},"end":{"line":199,"column":null}}]}},"s":{"0":2,"1":2,"2":2,"3":2,"4":2,"5":0,"6":2},"f":{"0":2,"1":2},"b":{"0":[2,0]}}
,"C:\\Users\\mrtar\\Desktop\\test-project\\test-project\\components\\Navbar.vue": {"path":"C:\\Users\\mrtar\\Desktop\\test-project\\test-project\\components\\Navbar.vue","statementMap":{"0":{"start":{"line":248,"column":0},"end":{"line":248,"column":null}}},"fnMap":{"0":{"name":"(anonymous_1)","decl":{"start":{"line":247,"column":0},"end":{"line":247,"column":null}},"loc":{"start":{"line":247,"column":0},"end":{"line":281,"column":null}}}},"branchMap":{},"s":{"0":2},"f":{"0":2},"b":{}}
,"C:\\Users\\mrtar\\Desktop\\test-project\\test-project\\pages\\Login.vue": {"path":"C:\\Users\\mrtar\\Desktop\\test-project\\test-project\\pages\\Login.vue","statementMap":{"0":{"start":{"line":120,"column":0},"end":{"line":120,"column":null}},"1":{"start":{"line":121,"column":0},"end":{"line":121,"column":null}},"2":{"start":{"line":122,"column":0},"end":{"line":122,"column":null}},"3":{"start":{"line":125,"column":0},"end":{"line":125,"column":null}},"4":{"start":{"line":128,"column":0},"end":{"line":128,"column":null}},"5":{"start":{"line":133,"column":0},"end":{"line":133,"column":null}},"6":{"start":{"line":143,"column":0},"end":{"line":154,"column":null}},"7":{"start":{"line":146,"column":0},"end":{"line":146,"column":null}},"8":{"start":{"line":147,"column":0},"end":{"line":147,"column":null}},"9":{"start":{"line":148,"column":0},"end":{"line":148,"column":null}},"10":{"start":{"line":152,"column":0},"end":{"line":152,"column":null}},"11":{"start":{"line":153,"column":0},"end":{"line":153,"column":null}},"12":{"start":{"line":157,"column":0},"end":{"line":161,"column":null}},"13":{"start":{"line":159,"column":0},"end":{"line":159,"column":null}},"14":{"start":{"line":160,"column":0},"end":{"line":160,"column":null}}},"fnMap":{"0":{"name":"(anonymous_2)","decl":{"start":{"line":125,"column":0},"end":{"line":125,"column":null}},"loc":{"start":{"line":125,"column":0},"end":{"line":125,"column":null}}},"1":{"name":"(anonymous_3)","decl":{"start":{"line":128,"column":0},"end":{"line":128,"column":null}},"loc":{"start":{"line":128,"column":0},"end":{"line":128,"column":null}}},"2":{"name":"(anonymous_5)","decl":{"start":{"line":133,"column":0},"end":{"line":133,"column":null}},"loc":{"start":{"line":133,"column":0},"end":{"line":133,"column":null}}},"3":{"name":"(anonymous_7)","decl":{"start":{"line":142,"column":0},"end":{"line":142,"column":null}},"loc":{"start":{"line":142,"column":0},"end":{"line":155,"column":null}}},"4":{"name":"(anonymous_8)","decl":{"start":{"line":143,"column":0},"end":{"line":143,"column":null}},"loc":{"start":{"line":143,"column":0},"end":{"line":149,"column":null}}},"5":{"name":"(anonymous_9)","decl":{"start":{"line":149,"column":0},"end":{"line":149,"column":null}},"loc":{"start":{"line":149,"column":0},"end":{"line":154,"column":null}}},"6":{"name":"(anonymous_10)","decl":{"start":{"line":156,"column":0},"end":{"line":156,"column":null}},"loc":{"start":{"line":156,"column":0},"end":{"line":162,"column":null}}},"7":{"name":"(anonymous_11)","decl":{"start":{"line":157,"column":0},"end":{"line":157,"column":null}},"loc":{"start":{"line":157,"column":0},"end":{"line":161,"column":null}}}},"branchMap":{"0":{"loc":{"start":{"line":128,"column":0},"end":{"line":128,"column":null}},"type":"binary-expr","locations":[{"start":{"line":128,"column":0},"end":{"line":128,"column":null}},{"start":{"line":128,"column":0},"end":{"line":128,"column":null}}]},"1":{"loc":{"start":{"line":133,"column":0},"end":{"line":133,"column":null}},"type":"binary-expr","locations":[{"start":{"line":133,"column":0},"end":{"line":133,"column":null}},{"start":{"line":133,"column":0},"end":{"line":133,"column":null}}]}},"s":{"0":0,"1":0,"2":0,"3":0,"4":0,"5":0,"6":0,"7":0,"8":0,"9":0,"10":0,"11":0,"12":0,"13":0,"14":0},"f":{"0":0,"1":0,"2":0,"3":0,"4":0,"5":0,"6":0,"7":0},"b":{"0":[0,0],"1":[0,0]}}
,"C:\\Users\\mrtar\\Desktop\\test-project\\test-project\\pages\\Register.vue": {"path":"C:\\Users\\mrtar\\Desktop\\test-project\\test-project\\pages\\Register.vue","statementMap":{"0":{"start":{"line":151,"column":0},"end":{"line":151,"column":null}},"1":{"start":{"line":152,"column":0},"end":{"line":152,"column":null}},"2":{"start":{"line":155,"column":0},"end":{"line":155,"column":null}},"3":{"start":{"line":163,"column":0},"end":{"line":163,"column":null}},"4":{"start":{"line":168,"column":0},"end":{"line":168,"column":null}},"5":{"start":{"line":174,"column":0},"end":{"line":174,"column":null}},"6":{"start":{"line":183,"column":0},"end":{"line":191,"column":null}},"7":{"start":{"line":185,"column":0},"end":{"line":185,"column":null}},"8":{"start":{"line":186,"column":0},"end":{"line":186,"column":null}},"9":{"start":{"line":189,"column":0},"end":{"line":189,"column":null}},"10":{"start":{"line":190,"column":0},"end":{"line":190,"column":null}}},"fnMap":{"0":{"name":"(anonymous_2)","decl":{"start":{"line":155,"column":0},"end":{"line":155,"column":null}},"loc":{"start":{"line":155,"column":0},"end":{"line":155,"column":null}}},"1":{"name":"(anonymous_3)","decl":{"start":{"line":163,"column":0},"end":{"line":163,"column":null}},"loc":{"start":{"line":163,"column":0},"end":{"line":163,"column":null}}},"2":{"name":"(anonymous_5)","decl":{"start":{"line":168,"column":0},"end":{"line":168,"column":null}},"loc":{"start":{"line":168,"column":0},"end":{"line":168,"column":null}}},"3":{"name":"(anonymous_7)","decl":{"start":{"line":174,"column":0},"end":{"line":174,"column":null}},"loc":{"start":{"line":174,"column":0},"end":{"line":174,"column":null}}},"4":{"name":"(anonymous_9)","decl":{"start":{"line":182,"column":0},"end":{"line":182,"column":null}},"loc":{"start":{"line":182,"column":0},"end":{"line":192,"column":null}}},"5":{"name":"(anonymous_10)","decl":{"start":{"line":183,"column":0},"end":{"line":183,"column":null}},"loc":{"start":{"line":183,"column":0},"end":{"line":187,"column":null}}},"6":{"name":"(anonymous_11)","decl":{"start":{"line":187,"column":0},"end":{"line":187,"column":null}},"loc":{"start":{"line":187,"column":0},"end":{"line":191,"column":null}}}},"branchMap":{"0":{"loc":{"start":{"line":163,"column":0},"end":{"line":163,"column":null}},"type":"binary-expr","locations":[{"start":{"line":163,"column":0},"end":{"line":163,"column":null}},{"start":{"line":163,"column":0},"end":{"line":163,"column":null}}]},"1":{"loc":{"start":{"line":168,"column":0},"end":{"line":168,"column":null}},"type":"binary-expr","locations":[{"start":{"line":168,"column":0},"end":{"line":168,"column":null}},{"start":{"line":168,"column":0},"end":{"line":168,"column":null}}]},"2":{"loc":{"start":{"line":174,"column":0},"end":{"line":174,"column":null}},"type":"binary-expr","locations":[{"start":{"line":174,"column":0},"end":{"line":174,"column":null}},{"start":{"line":174,"column":0},"end":{"line":174,"column":null}}]}},"s":{"0":0,"1":0,"2":0,"3":0,"4":0,"5":0,"6":0,"7":0,"8":0,"9":0,"10":0},"f":{"0":0,"1":0,"2":0,"3":0,"4":0,"5":0,"6":0},"b":{"0":[0,0],"1":[0,0],"2":[0,0]}}
}
