TN:
SF:components\BookCarousel.vue
FNF:0
FNH:0
DA:53,0
LF:1
LH:0
BRF:0
BRH:0
end_of_record
TN:
SF:components\BookDetails.vue
FN:268,(anonymous_1)
FN:274,(anonymous_2)
FN:277,(anonymous_3)
FNF:3
FNH:0
FNDA:0,(anonymous_1)
FNDA:0,(anonymous_2)
FNDA:0,(anonymous_3)
DA:268,0
DA:275,0
DA:278,0
LF:3
LH:0
BRF:0
BRH:0
end_of_record
TN:
SF:components\Card.vue
FN:51,(anonymous_1)
FNF:1
FNH:0
FNDA:0,(anonymous_1)
DA:51,0
LF:1
LH:0
BRF:0
BRH:0
end_of_record
TN:
SF:components\Carousel.vue
FNF:0
FNH:0
DA:15,0
LF:1
LH:0
BRF:0
BRH:0
end_of_record
TN:
SF:components\Categories.vue
FN:55,(anonymous_1)
FNF:1
FNH:0
FNDA:0,(anonymous_1)
DA:55,0
LF:1
LH:0
BRF:0
BRH:0
end_of_record
TN:
SF:components\Comment.vue
FN:325,(anonymous_1)
FNF:1
FNH:1
FNDA:3,(anonymous_1)
DA:326,3
LF:1
LH:1
BRF:0
BRH:0
end_of_record
TN:
SF:components\Footer.vue
FN:169,(anonymous_1)
FN:191,(anonymous_2)
FNF:2
FNH:2
FNDA:2,(anonymous_1)
FNDA:2,(anonymous_2)
DA:169,2
DA:192,2
DA:194,2
DA:195,2
DA:196,2
DA:198,0
DA:200,2
LF:7
LH:6
BRDA:194,0,0,2
BRDA:194,0,1,0
BRF:2
BRH:1
end_of_record
TN:
SF:components\Navbar.vue
FN:247,(anonymous_1)
FNF:1
FNH:1
FNDA:2,(anonymous_1)
DA:248,2
LF:1
LH:1
BRF:0
BRH:0
end_of_record
TN:
SF:pages\Login.vue
FN:125,(anonymous_2)
FN:128,(anonymous_3)
FN:133,(anonymous_5)
FN:142,(anonymous_7)
FN:143,(anonymous_8)
FN:149,(anonymous_9)
FN:156,(anonymous_10)
FN:157,(anonymous_11)
FNF:8
FNH:0
FNDA:0,(anonymous_2)
FNDA:0,(anonymous_3)
FNDA:0,(anonymous_5)
FNDA:0,(anonymous_7)
FNDA:0,(anonymous_8)
FNDA:0,(anonymous_9)
FNDA:0,(anonymous_10)
FNDA:0,(anonymous_11)
DA:120,0
DA:121,0
DA:122,0
DA:125,0
DA:128,0
DA:133,0
DA:143,0
DA:146,0
DA:147,0
DA:148,0
DA:152,0
DA:153,0
DA:157,0
DA:159,0
DA:160,0
LF:15
LH:0
BRDA:128,0,0,0
BRDA:128,0,1,0
BRDA:133,1,0,0
BRDA:133,1,1,0
BRF:4
BRH:0
end_of_record
TN:
SF:pages\Register.vue
FN:155,(anonymous_2)
FN:163,(anonymous_3)
FN:168,(anonymous_5)
FN:174,(anonymous_7)
FN:182,(anonymous_9)
FN:183,(anonymous_10)
FN:187,(anonymous_11)
FNF:7
FNH:0
FNDA:0,(anonymous_2)
FNDA:0,(anonymous_3)
FNDA:0,(anonymous_5)
FNDA:0,(anonymous_7)
FNDA:0,(anonymous_9)
FNDA:0,(anonymous_10)
FNDA:0,(anonymous_11)
DA:151,0
DA:152,0
DA:155,0
DA:163,0
DA:168,0
DA:174,0
DA:183,0
DA:185,0
DA:186,0
DA:189,0
DA:190,0
LF:11
LH:0
BRDA:163,0,0,0
BRDA:163,0,1,0
BRDA:168,1,0,0
BRDA:168,1,1,0
BRDA:174,2,0,0
BRDA:174,2,1,0
BRF:6
BRH:0
end_of_record
